e:\work2020\ha_sim\ha_sim-master\debug\vc142.pdb
e:\work2020\ha_sim\ha_sim-master\debug\vc142.idb
e:\work2020\ha_sim\ha_sim-master\debug\sta_f.obj
e:\work2020\ha_sim\ha_sim-master\debug\soc_common_f.obj
e:\work2020\ha_sim\ha_sim-master\debug\reg.obj
e:\work2020\ha_sim\ha_sim-master\debug\memory.obj
e:\work2020\ha_sim\ha_sim-master\debug\math_f.obj
e:\work2020\ha_sim\ha_sim-master\debug\mac.obj
e:\work2020\ha_sim\ha_sim-master\debug\iir_base.obj
e:\work2020\ha_sim\ha_sim-master\debug\iir.obj
e:\work2020\ha_sim\ha_sim-master\debug\global_f.obj
e:\work2020\ha_sim\ha_sim-master\debug\fmt_f.obj
e:\work2020\ha_sim\ha_sim-master\debug\float_model.obj
e:\work2020\ha_sim\ha_sim-master\debug\fir_base.obj
e:\work2020\ha_sim\ha_sim-master\debug\fir.obj
e:\work2020\ha_sim\ha_sim-master\debug\fifo.obj
e:\work2020\ha_sim\ha_sim-master\debug\fft_f.obj
e:\work2020\ha_sim\ha_sim-master\debug\debug.obj
e:\work2020\ha_sim\ha_sim-master\debug\cpu.obj
e:\work2020\ha_sim\ha_sim-master\debug\constrom.obj
e:\work2020\ha_sim\ha_sim-master\debug\cdata_io.obj
e:\work2020\ha_sim\ha_sim-master\debug\alu.obj
e:\work2020\ha_sim\ha_sim-master\debug\wdrc_f.obj
e:\work2020\ha_sim\ha_sim-master\debug\main.obj
e:\work2020\ha_sim\ha_sim-master\debug\version.obj
e:\work2020\ha_sim\ha_sim-master\debug\testhistory.obj
e:\work2020\ha_sim\ha_sim-master\debug\test.obj
e:\work2020\ha_sim\ha_sim-master\debug\simulator.exe
e:\work2020\ha_sim\ha_sim-master\debug\simulator.ilk
e:\work2020\ha_sim\ha_sim-master\debug\simulator.pdb
e:\work2020\ha_sim\ha_sim-master\debug\simulator.tlog\cl.command.1.tlog
e:\work2020\ha_sim\ha_sim-master\debug\simulator.tlog\cl.read.1.tlog
e:\work2020\ha_sim\ha_sim-master\debug\simulator.tlog\cl.write.1.tlog
e:\work2020\ha_sim\ha_sim-master\debug\simulator.tlog\link.command.1.tlog
e:\work2020\ha_sim\ha_sim-master\debug\simulator.tlog\link.read.1.tlog
e:\work2020\ha_sim\ha_sim-master\debug\simulator.tlog\link.write.1.tlog
